# JRE version: OpenJDK Runtime Environment Temurin-21.0.10+7 (21.0.10+7) (build 21.0.10+7-LTS)
# Java VM: OpenJDK 64-Bit Server VM Temurin-21.0.10+7 (21.0.10+7-LTS, mixed mode, sharing, tiered, compressed oops, compressed class ptrs, parallel gc, windows-amd64)
GC Precious Log:
 CardTable entry size: 512
 CPUs: 12 total, 12 available
 Memory: 3425M
 Large Page Support: Disabled
 NUMA Support: Disabled
 Compressed Oops: Enabled (32-bit)
 Alignments: Space 512K, Generation 512K, Heap 2M
 Heap Min Capacity: 100M
 Heap Initial Capacity: 100M
 Heap Max Capacity: 2G
 Pre-touch: Disabled
 Parallel Workers: 10
Heap:
 PSYoungGen      total 8192K, used 5020K [0x00000000d5580000, 0x00000000d6380000, 0x0000000100000000)
  eden space 6656K, 52% used [0x00000000d5580000,0x00000000d58ea9b8,0x00000000d5c00000)
  from space 1536K, 99% used [0x00000000d5f00000,0x00000000d607c978,0x00000000d6080000)
  to   space 3072K, 0% used [0x00000000d5c00000,0x00000000d5c00000,0x00000000d5f00000)
 ParOldGen       total 965632K, used 965531K [0x0000000080000000, 0x00000000baf00000, 0x00000000d5580000)
  object space 965632K, 99% used [0x0000000080000000,0x00000000baee6dd8,0x00000000baf00000)
 Metaspace       used 87550K, committed 89280K, reserved 1179648K
  class space    used 9026K, committed 9792K, reserved 1048576K
GC Heap History (20 events):
Event: 596245.074 GC heap before
{Heap before GC invocations=1516 (full 4):
 PSYoungGen      total 10240K, used 9837K [0x00000000d5580000, 0x00000000d6100000, 0x0000000100000000)
  eden space 8704K, 100% used [0x00000000d5580000,0x00000000d5e00000,0x00000000d5e00000)
  from space 1536K, 73% used [0x00000000d5e00000,0x00000000d5f1b6d0,0x00000000d5f80000)
  to   space 1536K, 0% used [0x00000000d5f80000,0x00000000d5f80000,0x00000000d6100000)
 ParOldGen       total 958464K, used 958237K [0x0000000080000000, 0x00000000ba800000, 0x00000000d5580000)
  object space 958464K, 99% used [0x0000000080000000,0x00000000ba7c77c8,0x00000000ba800000)
 Metaspace       used 87487K, committed 89216K, reserved 1179648K
  class space    used 9026K, committed 9792K, reserved 1048576K
}
Event: 596245.081 GC heap after
{Heap after GC invocations=1516 (full 4):
 PSYoungGen      total 9728K, used 580K [0x00000000d5580000, 0x00000000d6080000, 0x0000000100000000)
  eden space 8704K, 0% used [0x00000000d5580000,0x00000000d5580000,0x00000000d5e00000)
  from space 1024K, 56% used [0x00000000d5f80000,0x00000000d6011210,0x00000000d6080000)
  to   space 1024K, 0% used [0x00000000d5e80000,0x00000000d5e80000,0x00000000d5f80000)
 ParOldGen       total 959488K, used 959116K [0x0000000080000000, 0x00000000ba900000, 0x00000000d5580000)
  object space 959488K, 99% used [0x0000000080000000,0x00000000ba8a3258,0x00000000ba900000)
 Metaspace       used 87487K, committed 89216K, reserved 1179648K
  class space    used 9026K, committed 9792K, reserved 1048576K
}
Event: 596279.765 GC heap before
{Heap before GC invocations=1517 (full 4):
 PSYoungGen      total 9728K, used 9284K [0x00000000d5580000, 0x00000000d6080000, 0x0000000100000000)
  eden space 8704K, 99% used [0x00000000d5580000,0x00000000d5dfffc8,0x00000000d5e00000)
  from space 1024K, 56% used [0x00000000d5f80000,0x00000000d6011210,0x00000000d6080000)
  to   space 1024K, 0% used [0x00000000d5e80000,0x00000000d5e80000,0x00000000d5f80000)
 ParOldGen       total 959488K, used 959116K [0x0000000080000000, 0x00000000ba900000, 0x00000000d5580000)
  object space 959488K, 99% used [0x0000000080000000,0x00000000ba8a3258,0x00000000ba900000)
 Metaspace       used 87494K, committed 89216K, reserved 1179648K
  class space    used 9026K, committed 9792K, reserved 1048576K
}
Event: 596280.201 GC heap after
{Heap after GC invocations=1517 (full 4):
 PSYoungGen      total 9728K, used 660K [0x00000000d5580000, 0x00000000d6000000, 0x0000000100000000)
  eden space 8704K, 0% used [0x00000000d5580000,0x00000000d5580000,0x00000000d5e00000)
  from space 1024K, 64% used [0x00000000d5e80000,0x00000000d5f25200,0x00000000d5f80000)
  to   space 512K, 0% used [0x00000000d5f80000,0x00000000d5f80000,0x00000000d6000000)
 ParOldGen       total 959488K, used 959180K [0x0000000080000000, 0x00000000ba900000, 0x00000000d5580000)
  object space 959488K, 99% used [0x0000000080000000,0x00000000ba8b3258,0x00000000ba900000)
 Metaspace       used 87494K, committed 89216K, reserved 1179648K
  class space    used 9026K, committed 9792K, reserved 1048576K
}
Event: 596280.496 GC heap before
{Heap before GC invocations=1518 (full 4):
 PSYoungGen      total 9728K, used 9364K [0x00000000d5580000, 0x00000000d6000000, 0x0000000100000000)
  eden space 8704K, 100% used [0x00000000d5580000,0x00000000d5e00000,0x00000000d5e00000)
  from space 1024K, 64% used [0x00000000d5e80000,0x00000000d5f25200,0x00000000d5f80000)
  to   space 512K, 0% used [0x00000000d5f80000,0x00000000d5f80000,0x00000000d6000000)
 ParOldGen       total 959488K, used 959180K [0x0000000080000000, 0x00000000ba900000, 0x00000000d5580000)
  object space 959488K, 99% used [0x0000000080000000,0x00000000ba8b3258,0x00000000ba900000)
 Metaspace       used 87506K, committed 89216K, reserved 1179648K
  class space    used 9026K, committed 9792K, reserved 1048576K
}
Event: 596280.500 GC heap after
{Heap after GC invocations=1518 (full 4):
 PSYoungGen      total 8704K, used 512K [0x00000000d5580000, 0x00000000d6200000, 0x0000000100000000)
  eden space 8192K, 0% used [0x00000000d5580000,0x00000000d5580000,0x00000000d5d80000)
  from space 512K, 100% used [0x00000000d5f80000,0x00000000d6000000,0x00000000d6000000)
  to   space 2048K, 0% used [0x00000000d5d80000,0x00000000d5d80000,0x00000000d5f80000)
 ParOldGen       total 960512K, used 960141K [0x0000000080000000, 0x00000000baa00000, 0x00000000d5580000)
  object space 960512K, 99% used [0x0000000080000000,0x00000000ba9a3678,0x00000000baa00000)
 Metaspace       used 87506K, committed 89216K, reserved 1179648K
  class space    used 9026K, committed 9792K, reserved 1048576K
}
Event: 596280.603 GC heap before
{Heap before GC invocations=1519 (full 4):
 PSYoungGen      total 8704K, used 8704K [0x00000000d5580000, 0x00000000d6200000, 0x0000000100000000)
  eden space 8192K, 100% used [0x00000000d5580000,0x00000000d5d80000,0x00000000d5d80000)
  from space 512K, 100% used [0x00000000d5f80000,0x00000000d6000000,0x00000000d6000000)
  to   space 2048K, 0% used [0x00000000d5d80000,0x00000000d5d80000,0x00000000d5f80000)
 ParOldGen       total 960512K, used 960141K [0x0000000080000000, 0x00000000baa00000, 0x00000000d5580000)
  object space 960512K, 99% used [0x0000000080000000,0x00000000ba9a3678,0x00000000baa00000)
 Metaspace       used 87507K, committed 89216K, reserved 1179648K
  class space    used 9026K, committed 9792K, reserved 1048576K
}
Event: 596280.609 GC heap after
{Heap after GC invocations=1519 (full 4):
 PSYoungGen      total 9216K, used 650K [0x00000000d5580000, 0x00000000d6000000, 0x0000000100000000)
  eden space 8192K, 0% used [0x00000000d5580000,0x00000000d5580000,0x00000000d5d80000)
  from space 1024K, 63% used [0x00000000d5d80000,0x00000000d5e22910,0x00000000d5e80000)
  to   space 1024K, 0% used [0x00000000d5f00000,0x00000000d5f00000,0x00000000d6000000)
 ParOldGen       total 961024K, used 960573K [0x0000000080000000, 0x00000000baa80000, 0x00000000d5580000)
  object space 961024K, 99% used [0x0000000080000000,0x00000000baa0f698,0x00000000baa80000)
 Metaspace       used 87507K, committed 89216K, reserved 1179648K
  class space    used 9026K, committed 9792K, reserved 1048576K
}
Event: 596280.647 GC heap before
{Heap before GC invocations=1520 (full 4):
 PSYoungGen      total 9216K, used 8842K [0x00000000d5580000, 0x00000000d6000000, 0x0000000100000000)
  eden space 8192K, 100% used [0x00000000d5580000,0x00000000d5d80000,0x00000000d5d80000)
  from space 1024K, 63% used [0x00000000d5d80000,0x00000000d5e22910,0x00000000d5e80000)
  to   space 1024K, 0% used [0x00000000d5f00000,0x00000000d5f00000,0x00000000d6000000)
 ParOldGen       total 961024K, used 960573K [0x0000000080000000, 0x00000000baa80000, 0x00000000d5580000)
  object space 961024K, 99% used [0x0000000080000000,0x00000000baa0f698,0x00000000baa80000)
 Metaspace       used 87512K, committed 89280K, reserved 1179648K
  class space    used 9026K, committed 9792K, reserved 1048576K
}
Event: 596280.653 GC heap after
{Heap after GC invocations=1520 (full 4):
 PSYoungGen      total 9216K, used 784K [0x00000000d5580000, 0x00000000d6000000, 0x0000000100000000)
  eden space 8192K, 0% used [0x00000000d5580000,0x00000000d5580000,0x00000000d5d80000)
  from space 1024K, 76% used [0x00000000d5f00000,0x00000000d5fc4030,0x00000000d6000000)
  to   space 1024K, 0% used [0x00000000d5d80000,0x00000000d5d80000,0x00000000d5e80000)
 ParOldGen       total 961536K, used 961126K [0x0000000080000000, 0x00000000bab00000, 0x00000000d5580000)
  object space 961536K, 99% used [0x0000000080000000,0x00000000baa99b48,0x00000000bab00000)
 Metaspace       used 87512K, committed 89280K, reserved 1179648K
  class space    used 9026K, committed 9792K, reserved 1048576K
}
Event: 596286.961 GC heap before
{Heap before GC invocations=1521 (full 4):
 PSYoungGen      total 9216K, used 8976K [0x00000000d5580000, 0x00000000d6000000, 0x0000000100000000)
  eden space 8192K, 100% used [0x00000000d5580000,0x00000000d5d80000,0x00000000d5d80000)
  from space 1024K, 76% used [0x00000000d5f00000,0x00000000d5fc4030,0x00000000d6000000)
  to   space 1024K, 0% used [0x00000000d5d80000,0x00000000d5d80000,0x00000000d5e80000)
 ParOldGen       total 961536K, used 961126K [0x0000000080000000, 0x00000000bab00000, 0x00000000d5580000)
  object space 961536K, 99% used [0x0000000080000000,0x00000000baa99b48,0x00000000bab00000)
 Metaspace       used 87518K, committed 89280K, reserved 1179648K
  class space    used 9026K, committed 9792K, reserved 1048576K
}
Event: 596287.163 GC heap after
{Heap after GC invocations=1521 (full 4):
 PSYoungGen      total 9216K, used 474K [0x00000000d5580000, 0x00000000d5f80000, 0x0000000100000000)
  eden space 8192K, 0% used [0x00000000d5580000,0x00000000d5580000,0x00000000d5d80000)
  from space 1024K, 46% used [0x00000000d5d80000,0x00000000d5df6900,0x00000000d5e80000)
  to   space 1024K, 0% used [0x00000000d5e80000,0x00000000d5e80000,0x00000000d5f80000)
 ParOldGen       total 962048K, used 961750K [0x0000000080000000, 0x00000000bab80000, 0x00000000d5580000)
  object space 962048K, 99% used [0x0000000080000000,0x00000000bab35b78,0x00000000bab80000)
 Metaspace       used 87518K, committed 89280K, reserved 1179648K
  class space    used 9026K, committed 9792K, reserved 1048576K
}
Event: 596398.249 GC heap before
{Heap before GC invocations=1522 (full 4):
 PSYoungGen      total 9216K, used 8666K [0x00000000d5580000, 0x00000000d5f80000, 0x0000000100000000)
  eden space 8192K, 99% used [0x00000000d5580000,0x00000000d5d7ff98,0x00000000d5d80000)
  from space 1024K, 46% used [0x00000000d5d80000,0x00000000d5df6900,0x00000000d5e80000)
  to   space 1024K, 0% used [0x00000000d5e80000,0x00000000d5e80000,0x00000000d5f80000)
 ParOldGen       total 962048K, used 961750K [0x0000000080000000, 0x00000000bab80000, 0x00000000d5580000)
  object space 962048K, 99% used [0x0000000080000000,0x00000000bab35b78,0x00000000bab80000)
 Metaspace       used 87523K, committed 89280K, reserved 1179648K
  class space    used 9026K, committed 9792K, reserved 1048576K
}
Event: 596398.504 GC heap after
{Heap after GC invocations=1522 (full 4):
 PSYoungGen      total 8704K, used 384K [0x00000000d5580000, 0x00000000d5f00000, 0x0000000100000000)
  eden space 8192K, 0% used [0x00000000d5580000,0x00000000d5580000,0x00000000d5d80000)
  from space 512K, 75% used [0x00000000d5e80000,0x00000000d5ee0020,0x00000000d5f00000)
  to   space 512K, 0% used [0x00000000d5e00000,0x00000000d5e00000,0x00000000d5e80000)
 ParOldGen       total 962048K, used 962038K [0x0000000080000000, 0x00000000bab80000, 0x00000000d5580000)
  object space 962048K, 99% used [0x0000000080000000,0x00000000bab7db78,0x00000000bab80000)
 Metaspace       used 87523K, committed 89280K, reserved 1179648K
  class space    used 9026K, committed 9792K, reserved 1048576K
}
Event: 596399.294 GC heap before
{Heap before GC invocations=1523 (full 4):
 PSYoungGen      total 8704K, used 8576K [0x00000000d5580000, 0x00000000d5f00000, 0x0000000100000000)
  eden space 8192K, 100% used [0x00000000d5580000,0x00000000d5d80000,0x00000000d5d80000)
  from space 512K, 75% used [0x00000000d5e80000,0x00000000d5ee0020,0x00000000d5f00000)
  to   space 512K, 0% used [0x00000000d5e00000,0x00000000d5e00000,0x00000000d5e80000)
 ParOldGen       total 962048K, used 962038K [0x0000000080000000, 0x00000000bab80000, 0x00000000d5580000)
  object space 962048K, 99% used [0x0000000080000000,0x00000000bab7db78,0x00000000bab80000)
 Metaspace       used 87532K, committed 89280K, reserved 1179648K
  class space    used 9026K, committed 9792K, reserved 1048576K
}
Event: 596399.304 GC heap after
{Heap after GC invocations=1523 (full 4):
 PSYoungGen      total 8704K, used 506K [0x00000000d5580000, 0x00000000d6080000, 0x0000000100000000)
  eden space 8192K, 0% used [0x00000000d5580000,0x00000000d5580000,0x00000000d5d80000)
  from space 512K, 98% used [0x00000000d5e00000,0x00000000d5e7e910,0x00000000d5e80000)
  to   space 1536K, 0% used [0x00000000d5f00000,0x00000000d5f00000,0x00000000d6080000)
 ParOldGen       total 963072K, used 962882K [0x0000000080000000, 0x00000000bac80000, 0x00000000d5580000)
  object space 963072K, 99% used [0x0000000080000000,0x00000000bac50978,0x00000000bac80000)
 Metaspace       used 87532K, committed 89280K, reserved 1179648K
  class space    used 9026K, committed 9792K, reserved 1048576K
}
Event: 596399.514 GC heap before
{Heap before GC invocations=1524 (full 4):
 PSYoungGen      total 8704K, used 8698K [0x00000000d5580000, 0x00000000d6080000, 0x0000000100000000)
  eden space 8192K, 100% used [0x00000000d5580000,0x00000000d5d80000,0x00000000d5d80000)
  from space 512K, 98% used [0x00000000d5e00000,0x00000000d5e7e910,0x00000000d5e80000)
  to   space 1536K, 0% used [0x00000000d5f00000,0x00000000d5f00000,0x00000000d6080000)
 ParOldGen       total 963072K, used 962882K [0x0000000080000000, 0x00000000bac80000, 0x00000000d5580000)
  object space 963072K, 99% used [0x0000000080000000,0x00000000bac50978,0x00000000bac80000)
 Metaspace       used 87534K, committed 89280K, reserved 1179648K
  class space    used 9026K, committed 9792K, reserved 1048576K
}
Event: 596399.521 GC heap after
{Heap after GC invocations=1524 (full 4):
 PSYoungGen      total 9728K, used 1226K [0x00000000d5580000, 0x00000000d6080000, 0x0000000100000000)
  eden space 8192K, 0% used [0x00000000d5580000,0x00000000d5580000,0x00000000d5d80000)
  from space 1536K, 79% used [0x00000000d5f00000,0x00000000d6032910,0x00000000d6080000)
  to   space 1536K, 0% used [0x00000000d5d80000,0x00000000d5d80000,0x00000000d5f00000)
 ParOldGen       total 963584K, used 963364K [0x0000000080000000, 0x00000000bad00000, 0x00000000d5580000)
  object space 963584K, 99% used [0x0000000080000000,0x00000000bacc9288,0x00000000bad00000)
 Metaspace       used 87534K, committed 89280K, reserved 1179648K
  class space    used 9026K, committed 9792K, reserved 1048576K
}
Event: 596405.259 GC heap before
{Heap before GC invocations=1525 (full 4):
 PSYoungGen      total 9728K, used 9418K [0x00000000d5580000, 0x00000000d6080000, 0x0000000100000000)
  eden space 8192K, 100% used [0x00000000d5580000,0x00000000d5d80000,0x00000000d5d80000)
  from space 1536K, 79% used [0x00000000d5f00000,0x00000000d6032910,0x00000000d6080000)
  to   space 1536K, 0% used [0x00000000d5d80000,0x00000000d5d80000,0x00000000d5f00000)
 ParOldGen       total 963584K, used 963364K [0x0000000080000000, 0x00000000bad00000, 0x00000000d5580000)
  object space 963584K, 99% used [0x0000000080000000,0x00000000bacc9288,0x00000000bad00000)
 Metaspace       used 87548K, committed 89280K, reserved 1179648K
  class space    used 9026K, committed 9792K, reserved 1048576K
}
Event: 596406.277 GC heap after
{Heap after GC invocations=1525 (full 4):
 PSYoungGen      total 9728K, used 1044K [0x00000000d5580000, 0x00000000d6080000, 0x0000000100000000)
  eden space 8192K, 0% used [0x00000000d5580000,0x00000000d5580000,0x00000000d5d80000)
  from space 1536K, 68% used [0x00000000d5d80000,0x00000000d5e85200,0x00000000d5f00000)
  to   space 1536K, 0% used [0x00000000d5f00000,0x00000000d5f00000,0x00000000d6080000)
 ParOldGen       total 964608K, used 964441K [0x0000000080000000, 0x00000000bae00000, 0x00000000d5580000)
  object space 964608K, 99% used [0x0000000080000000,0x00000000badd64d8,0x00000000bae00000)
 Metaspace       used 87548K, committed 89280K, reserved 1179648K
  class space    used 9026K, committed 9792K, reserved 1048576K
}

